This is pdfTeX, Version 3.14159265-2.6-1.40.18 (TeX Live 2017/Debian) (preloaded format=pdflatex 2020.6.29)  29 JUN 2020 11:17
entering extended mode
 restricted \write18 enabled.
 %&-line parsing enabled.
**Genesis-Manual.tex
(./Genesis-Manual.tex
LaTeX2e <2017-04-15>
Babel <3.18> and hyphenation patterns for 5 language(s) loaded.
(/usr/share/texlive/texmf-dist/tex/latex/base/book.cls
Document Class: book 2014/09/29 v1.4h Standard LaTeX document class
(/usr/share/texlive/texmf-dist/tex/latex/base/bk12.clo
File: bk12.clo 2014/09/29 v1.4h Standard LaTeX file (size option)
)
\c@part=\count79
\c@chapter=\count80
\c@section=\count81
\c@subsection=\count82
\c@subsubsection=\count83
\c@paragraph=\count84
\c@subparagraph=\count85
\c@figure=\count86
\c@table=\count87
\abovecaptionskip=\skip41
\belowcaptionskip=\skip42
\bibindent=\dimen102
)
No file Genesis-Manual.aux.
\openout1 = `Genesis-Manual.aux'.

LaTeX Font Info:    Checking defaults for OML/cmm/m/it on input line 14.
LaTeX Font Info:    ... okay on input line 14.
LaTeX Font Info:    Checking defaults for T1/cmr/m/n on input line 14.
LaTeX Font Info:    ... okay on input line 14.
LaTeX Font Info:    Checking defaults for OT1/cmr/m/n on input line 14.
LaTeX Font Info:    ... okay on input line 14.
LaTeX Font Info:    Checking defaults for OMS/cmsy/m/n on input line 14.
LaTeX Font Info:    ... okay on input line 14.
LaTeX Font Info:    Checking defaults for OMX/cmex/m/n on input line 14.
LaTeX Font Info:    ... okay on input line 14.
LaTeX Font Info:    Checking defaults for U/cmr/m/n on input line 14.
LaTeX Font Info:    ... okay on input line 14.

Underfull \vbox (badness 10000) has occurred while \output is active []

 [1

{/var/lib/texmf/fonts/map/pdftex/updmap/pdftex.map}]
Underfull \vbox (badness 10000) has occurred while \output is active []

 [2]
No file Genesis-Manual.toc.
\tf@toc=\write3
\openout3 = `Genesis-Manual.toc'.

[3

] [4

]
LaTeX Font Info:    External font `cmex10' loaded for size
(Font)              <24.88> on input line 36.
LaTeX Font Info:    External font `cmex10' loaded for size
(Font)              <20.74> on input line 36.
LaTeX Font Info:    External font `cmex10' loaded for size
(Font)              <17.28> on input line 36.
LaTeX Font Info:    External font `cmex10' loaded for size
(Font)              <12> on input line 53.
LaTeX Font Info:    External font `cmex10' loaded for size
(Font)              <8> on input line 53.
LaTeX Font Info:    External font `cmex10' loaded for size
(Font)              <6> on input line 53.
 [5] [6

]
Underfull \hbox (badness 10000) in paragraph at lines 73--75

 []

[7]
Overfull \hbox (5.50993pt too wide) in paragraph at lines 88--89
[]\OT1/cmr/m/n/12 To com-plete the in-stal-la-tion it is rec-om-mended to in-st
all the scripts in the di-rec-tory \OT1/cmtt/m/n/12 sdds2hdf5
 []

[8] [9

] [10]
LaTeX Font Info:    Try loading font information for OMS+cmr on input line 151.

 (/usr/share/texlive/texmf-dist/tex/latex/base/omscmr.fd
File: omscmr.fd 2014/09/29 v2.5h Standard LaTeX font definitions
)
LaTeX Font Info:    Font shape `OMS/cmr/m/n' in size <12> not available
(Font)              Font shape `OMS/cmsy/m/n' tried instead on input line 151.
 [11

]
[12] [13] [14] [15] [16] [17] [18]
Overfull \hbox (12.91327pt too wide) in paragraph at lines 321--322
[]\OT1/cmr/bx/n/12 output \OT1/cmr/m/n/12 (\OT1/cmr/m/it/12 bool, false\OT1/cmr
/m/n/12 ). If set to true an out-put file is gen-er-ated with the ex-ten-sion\O
T1/cmtt/m/n/12 '.ana.h5'
 []

[19] [20] [21] [22] [23] [24

] [25] [26] [27] [28] [29

] [30] [31

] [32]
Underfull \hbox (badness 10000) in paragraph at lines 632--634

 []

[33

] (./Genesis-Manual.aux) ) 
Here is how much of TeX's memory you used:
 294 strings out of 494880
 3425 string characters out of 6179601
 53688 words of memory out of 5000000
 3686 multiletter control sequences out of 15000+600000
 13044 words of font info for 45 fonts, out of 8000000 for 9000
 36 hyphenation exceptions out of 8191
 22i,5n,19p,1660b,179s stack positions out of 5000i,500n,10000p,200000b,80000s
</usr/share/texlive/texmf-dist/fonts/type1/public/ams
fonts/cm/cmbx12.pfb></usr/share/texlive/texmf-dist/fonts/type1/public/amsfonts/
cm/cmex10.pfb></usr/share/texlive/texmf-dist/fonts/type1/public/amsfonts/cm/cmm
i12.pfb></usr/share/texlive/texmf-dist/fonts/type1/public/amsfonts/cm/cmmi8.pfb
></usr/share/texlive/texmf-dist/fonts/type1/public/amsfonts/cm/cmr12.pfb></usr/
share/texlive/texmf-dist/fonts/type1/public/amsfonts/cm/cmr8.pfb></usr/share/te
xlive/texmf-dist/fonts/type1/public/amsfonts/cm/cmss12.pfb></usr/share/texlive/
texmf-dist/fonts/type1/public/amsfonts/cm/cmss17.pfb></usr/share/texlive/texmf-
dist/fonts/type1/public/amsfonts/cm/cmsy10.pfb></usr/share/texlive/texmf-dist/f
onts/type1/public/amsfonts/cm/cmti12.pfb></usr/share/texlive/texmf-dist/fonts/t
ype1/public/amsfonts/cm/cmtt12.pfb>
Output written on Genesis-Manual.pdf (33 pages, 198419 bytes).
PDF statistics:
 155 PDF objects out of 1000 (max. 8388607)
 107 compressed objects within 2 object streams
 0 named destinations out of 1000 (max. 500000)
 1 words of extra memory for PDF output out of 10000 (max. 10000000)

